{
  "/Users/Machinazo/Desktop/bootcamp/proyectos/semana_7/challenge_we/back/src/database/models/User.js": {
    "path": "/Users/Machinazo/Desktop/bootcamp/proyectos/semana_7/challenge_we/back/src/database/models/User.js",
    "statementMap": {
      "0": {
        "start": { "line": 1, "column": 26 },
        "end": { "line": 1, "column": 45 }
      },
      "1": {
        "start": { "line": 3, "column": 19 },
        "end": { "line": 27, "column": 2 }
      },
      "2": {
        "start": { "line": 29, "column": 13 },
        "end": { "line": 29, "column": 47 }
      },
      "3": {
        "start": { "line": 31, "column": 0 },
        "end": { "line": 31, "column": 22 }
      }
    },
    "fnMap": {},
    "branchMap": {},
    "s": { "0": 1, "1": 1, "2": 1, "3": 1 },
    "f": {},
    "b": {},
    "_coverageSchema": "1a1c01bbd47fc00a2c39e90264f33305004495a9",
    "hash": "80edeef47eadac5f8ad7fcabe3e2133a008f7c9f"
  },
  "/Users/Machinazo/Desktop/bootcamp/proyectos/semana_7/challenge_we/back/src/server/index.js": {
    "path": "/Users/Machinazo/Desktop/bootcamp/proyectos/semana_7/challenge_we/back/src/server/index.js",
    "statementMap": {
      "0": {
        "start": { "line": 1, "column": 0 },
        "end": { "line": 1, "column": 27 }
      },
      "1": {
        "start": { "line": 2, "column": 16 },
        "end": { "line": 2, "column": 34 }
      },
      "2": {
        "start": { "line": 3, "column": 15 },
        "end": { "line": 3, "column": 32 }
      },
      "3": {
        "start": { "line": 4, "column": 40 },
        "end": { "line": 4, "column": 71 }
      },
      "4": {
        "start": { "line": 5, "column": 21 },
        "end": { "line": 5, "column": 54 }
      },
      "5": {
        "start": { "line": 7, "column": 12 },
        "end": { "line": 7, "column": 21 }
      },
      "6": {
        "start": { "line": 8, "column": 0 },
        "end": { "line": 8, "column": 23 }
      },
      "7": {
        "start": { "line": 9, "column": 0 },
        "end": { "line": 9, "column": 24 }
      },
      "8": {
        "start": { "line": 11, "column": 0 },
        "end": { "line": 11, "column": 32 }
      },
      "9": {
        "start": { "line": 13, "column": 0 },
        "end": { "line": 13, "column": 23 }
      },
      "10": {
        "start": { "line": 14, "column": 0 },
        "end": { "line": 14, "column": 22 }
      },
      "11": {
        "start": { "line": 15, "column": 0 },
        "end": { "line": 15, "column": 21 }
      }
    },
    "fnMap": {},
    "branchMap": {},
    "s": {
      "0": 0,
      "1": 0,
      "2": 0,
      "3": 0,
      "4": 0,
      "5": 0,
      "6": 0,
      "7": 0,
      "8": 0,
      "9": 0,
      "10": 0,
      "11": 0
    },
    "f": {},
    "b": {}
  },
  "/Users/Machinazo/Desktop/bootcamp/proyectos/semana_7/challenge_we/back/src/server/controllers/userControllers.js": {
    "path": "/Users/Machinazo/Desktop/bootcamp/proyectos/semana_7/challenge_we/back/src/server/controllers/userControllers.js",
    "statementMap": {
      "0": {
        "start": { "line": 1, "column": 0 },
        "end": { "line": 1, "column": 27 }
      },
      "1": {
        "start": { "line": 2, "column": 15 },
        "end": { "line": 2, "column": 32 }
      },
      "2": {
        "start": { "line": 3, "column": 21 },
        "end": { "line": 3, "column": 44 }
      },
      "3": {
        "start": { "line": 4, "column": 13 },
        "end": { "line": 4, "column": 50 }
      },
      "4": {
        "start": { "line": 6, "column": 18 },
        "end": { "line": 30, "column": 1 }
      },
      "5": {
        "start": { "line": 7, "column": 33 },
        "end": { "line": 7, "column": 41 }
      },
      "6": {
        "start": { "line": 8, "column": 15 },
        "end": { "line": 8, "column": 47 }
      },
      "7": {
        "start": { "line": 10, "column": 2 },
        "end": { "line": 29, "column": 3 }
      },
      "8": {
        "start": { "line": 11, "column": 18 },
        "end": { "line": 11, "column": 61 }
      },
      "9": {
        "start": { "line": 12, "column": 4 },
        "end": { "line": 12, "column": 21 }
      },
      "10": {
        "start": { "line": 13, "column": 4 },
        "end": { "line": 13, "column": 16 }
      },
      "11": {
        "start": { "line": 15, "column": 21 },
        "end": { "line": 18, "column": 5 }
      },
      "12": {
        "start": { "line": 19, "column": 26 },
        "end": { "line": 19, "column": 71 }
      },
      "13": {
        "start": { "line": 20, "column": 4 },
        "end": { "line": 28, "column": 5 }
      },
      "14": {
        "start": { "line": 21, "column": 20 },
        "end": { "line": 21, "column": 63 }
      },
      "15": {
        "start": { "line": 22, "column": 6 },
        "end": { "line": 22, "column": 23 }
      },
      "16": {
        "start": { "line": 23, "column": 6 },
        "end": { "line": 23, "column": 18 }
      },
      "17": {
        "start": { "line": 25, "column": 20 },
        "end": { "line": 25, "column": 67 }
      },
      "18": {
        "start": { "line": 27, "column": 6 },
        "end": { "line": 27, "column": 26 }
      },
      "19": {
        "start": { "line": 32, "column": 0 },
        "end": { "line": 32, "column": 31 }
      }
    },
    "fnMap": {
      "0": {
        "name": "(anonymous_0)",
        "decl": {
          "start": { "line": 6, "column": 18 },
          "end": { "line": 6, "column": 19 }
        },
        "loc": {
          "start": { "line": 6, "column": 44 },
          "end": { "line": 30, "column": 1 }
        },
        "line": 6
      }
    },
    "branchMap": {
      "0": {
        "loc": {
          "start": { "line": 10, "column": 2 },
          "end": { "line": 29, "column": 3 }
        },
        "type": "if",
        "locations": [
          {
            "start": { "line": 10, "column": 2 },
            "end": { "line": 29, "column": 3 }
          },
          {
            "start": { "line": 14, "column": 9 },
            "end": { "line": 29, "column": 3 }
          }
        ],
        "line": 10
      },
      "1": {
        "loc": {
          "start": { "line": 20, "column": 4 },
          "end": { "line": 28, "column": 5 }
        },
        "type": "if",
        "locations": [
          {
            "start": { "line": 20, "column": 4 },
            "end": { "line": 28, "column": 5 }
          },
          {
            "start": { "line": 24, "column": 11 },
            "end": { "line": 28, "column": 5 }
          }
        ],
        "line": 20
      }
    },
    "s": {
      "0": 1,
      "1": 1,
      "2": 1,
      "3": 1,
      "4": 1,
      "5": 3,
      "6": 3,
      "7": 3,
      "8": 2,
      "9": 2,
      "10": 2,
      "11": 1,
      "12": 1,
      "13": 1,
      "14": 0,
      "15": 0,
      "16": 0,
      "17": 1,
      "18": 1,
      "19": 1
    },
    "f": { "0": 3 },
    "b": { "0": [2, 1], "1": [0, 1] },
    "_coverageSchema": "1a1c01bbd47fc00a2c39e90264f33305004495a9",
    "hash": "b5536980bf96202b12fa31391ce89b7ae140de5d"
  },
  "/Users/Machinazo/Desktop/bootcamp/proyectos/semana_7/challenge_we/back/src/server/middlewares/errors.js": {
    "path": "/Users/Machinazo/Desktop/bootcamp/proyectos/semana_7/challenge_we/back/src/server/middlewares/errors.js",
    "statementMap": {
      "0": {
        "start": { "line": 1, "column": 22 },
        "end": { "line": 4, "column": 1 }
      },
      "1": {
        "start": { "line": 2, "column": 2 },
        "end": { "line": 2, "column": 18 }
      },
      "2": {
        "start": { "line": 3, "column": 2 },
        "end": { "line": 3, "column": 59 }
      },
      "3": {
        "start": { "line": 7, "column": 21 },
        "end": { "line": 12, "column": 1 }
      },
      "4": {
        "start": { "line": 8, "column": 20 },
        "end": { "line": 8, "column": 35 }
      },
      "5": {
        "start": { "line": 9, "column": 23 },
        "end": { "line": 9, "column": 63 }
      },
      "6": {
        "start": { "line": 10, "column": 2 },
        "end": { "line": 10, "column": 24 }
      },
      "7": {
        "start": { "line": 11, "column": 2 },
        "end": { "line": 11, "column": 51 }
      },
      "8": {
        "start": { "line": 14, "column": 0 },
        "end": { "line": 14, "column": 49 }
      }
    },
    "fnMap": {
      "0": {
        "name": "(anonymous_0)",
        "decl": {
          "start": { "line": 1, "column": 22 },
          "end": { "line": 1, "column": 23 }
        },
        "loc": {
          "start": { "line": 1, "column": 36 },
          "end": { "line": 4, "column": 1 }
        },
        "line": 1
      },
      "1": {
        "name": "(anonymous_1)",
        "decl": {
          "start": { "line": 7, "column": 21 },
          "end": { "line": 7, "column": 22 }
        },
        "loc": {
          "start": { "line": 7, "column": 46 },
          "end": { "line": 12, "column": 1 }
        },
        "line": 7
      }
    },
    "branchMap": {
      "0": {
        "loc": {
          "start": { "line": 8, "column": 20 },
          "end": { "line": 8, "column": 35 }
        },
        "type": "binary-expr",
        "locations": [
          {
            "start": { "line": 8, "column": 20 },
            "end": { "line": 8, "column": 28 }
          },
          {
            "start": { "line": 8, "column": 32 },
            "end": { "line": 8, "column": 35 }
          }
        ],
        "line": 8
      },
      "1": {
        "loc": {
          "start": { "line": 9, "column": 23 },
          "end": { "line": 9, "column": 63 }
        },
        "type": "cond-expr",
        "locations": [
          {
            "start": { "line": 9, "column": 34 },
            "end": { "line": 9, "column": 45 }
          },
          {
            "start": { "line": 9, "column": 48 },
            "end": { "line": 9, "column": 63 }
          }
        ],
        "line": 9
      }
    },
    "s": {
      "0": 1,
      "1": 1,
      "2": 1,
      "3": 1,
      "4": 1,
      "5": 1,
      "6": 1,
      "7": 1,
      "8": 1
    },
    "f": { "0": 1, "1": 1 },
    "b": { "0": [1, 1], "1": [0, 1] },
    "_coverageSchema": "1a1c01bbd47fc00a2c39e90264f33305004495a9",
    "hash": "8e7d296f9b833c78b7f55cf35b3ad278052f4904"
  },
  "/Users/Machinazo/Desktop/bootcamp/proyectos/semana_7/challenge_we/back/src/server/middlewares/verifyToken.js": {
    "path": "/Users/Machinazo/Desktop/bootcamp/proyectos/semana_7/challenge_we/back/src/server/middlewares/verifyToken.js",
    "statementMap": {
      "0": {
        "start": { "line": 1, "column": 0 },
        "end": { "line": 1, "column": 27 }
      },
      "1": {
        "start": { "line": 2, "column": 21 },
        "end": { "line": 2, "column": 44 }
      },
      "2": {
        "start": { "line": 4, "column": 20 },
        "end": { "line": 30, "column": 1 }
      },
      "3": {
        "start": { "line": 5, "column": 21 },
        "end": { "line": 5, "column": 48 }
      },
      "4": {
        "start": { "line": 6, "column": 2 },
        "end": { "line": 29, "column": 3 }
      },
      "5": {
        "start": { "line": 7, "column": 20 },
        "end": { "line": 7, "column": 44 }
      },
      "6": {
        "start": { "line": 9, "column": 4 },
        "end": { "line": 24, "column": 5 }
      },
      "7": {
        "start": { "line": 10, "column": 6 },
        "end": { "line": 23, "column": 7 }
      },
      "8": {
        "start": { "line": 11, "column": 30 },
        "end": { "line": 14, "column": 9 }
      },
      "9": {
        "start": { "line": 16, "column": 8 },
        "end": { "line": 16, "column": 34 }
      },
      "10": {
        "start": { "line": 18, "column": 8 },
        "end": { "line": 18, "column": 15 }
      },
      "11": {
        "start": { "line": 20, "column": 22 },
        "end": { "line": 20, "column": 48 }
      },
      "12": {
        "start": { "line": 21, "column": 8 },
        "end": { "line": 21, "column": 25 }
      },
      "13": {
        "start": { "line": 22, "column": 8 },
        "end": { "line": 22, "column": 20 }
      },
      "14": {
        "start": { "line": 26, "column": 21 },
        "end": { "line": 26, "column": 47 }
      },
      "15": {
        "start": { "line": 27, "column": 4 },
        "end": { "line": 27, "column": 24 }
      },
      "16": {
        "start": { "line": 28, "column": 4 },
        "end": { "line": 28, "column": 19 }
      },
      "17": {
        "start": { "line": 32, "column": 0 },
        "end": { "line": 32, "column": 29 }
      }
    },
    "fnMap": {
      "0": {
        "name": "(anonymous_0)",
        "decl": {
          "start": { "line": 4, "column": 20 },
          "end": { "line": 4, "column": 21 }
        },
        "loc": {
          "start": { "line": 4, "column": 46 },
          "end": { "line": 30, "column": 1 }
        },
        "line": 4
      }
    },
    "branchMap": {
      "0": {
        "loc": {
          "start": { "line": 6, "column": 2 },
          "end": { "line": 29, "column": 3 }
        },
        "type": "if",
        "locations": [
          {
            "start": { "line": 6, "column": 2 },
            "end": { "line": 29, "column": 3 }
          },
          {
            "start": { "line": 25, "column": 9 },
            "end": { "line": 29, "column": 3 }
          }
        ],
        "line": 6
      },
      "1": {
        "loc": {
          "start": { "line": 9, "column": 4 },
          "end": { "line": 24, "column": 5 }
        },
        "type": "if",
        "locations": [
          {
            "start": { "line": 9, "column": 4 },
            "end": { "line": 24, "column": 5 }
          },
          { "start": {}, "end": {} }
        ],
        "line": 9
      }
    },
    "s": {
      "0": 1,
      "1": 1,
      "2": 1,
      "3": 1,
      "4": 1,
      "5": 1,
      "6": 1,
      "7": 1,
      "8": 1,
      "9": 1,
      "10": 1,
      "11": 0,
      "12": 0,
      "13": 0,
      "14": 0,
      "15": 0,
      "16": 0,
      "17": 1
    },
    "f": { "0": 1 },
    "b": { "0": [1, 0], "1": [1, 0] },
    "_coverageSchema": "1a1c01bbd47fc00a2c39e90264f33305004495a9",
    "hash": "548d3e6d7e4aa1630c312a731b499a9a28e9d7eb"
  },
  "/Users/Machinazo/Desktop/bootcamp/proyectos/semana_7/challenge_we/back/src/server/routers/accessRouter.js": {
    "path": "/Users/Machinazo/Desktop/bootcamp/proyectos/semana_7/challenge_we/back/src/server/routers/accessRouter.js",
    "statementMap": {
      "0": {
        "start": { "line": 1, "column": 0 },
        "end": { "line": 1, "column": 27 }
      },
      "1": {
        "start": { "line": 2, "column": 16 },
        "end": { "line": 2, "column": 34 }
      },
      "2": {
        "start": { "line": 3, "column": 22 },
        "end": { "line": 3, "column": 63 }
      },
      "3": {
        "start": { "line": 5, "column": 15 },
        "end": { "line": 5, "column": 31 }
      },
      "4": {
        "start": { "line": 7, "column": 0 },
        "end": { "line": 7, "column": 28 }
      },
      "5": {
        "start": { "line": 9, "column": 0 },
        "end": { "line": 9, "column": 24 }
      }
    },
    "fnMap": {},
    "branchMap": {},
    "s": { "0": 0, "1": 0, "2": 0, "3": 0, "4": 0, "5": 0 },
    "f": {},
    "b": {}
  },
  "/Users/Machinazo/Desktop/bootcamp/proyectos/semana_7/challenge_we/back/src/server/utils/encryptPassword.js": {
    "path": "/Users/Machinazo/Desktop/bootcamp/proyectos/semana_7/challenge_we/back/src/server/utils/encryptPassword.js",
    "statementMap": {
      "0": {
        "start": { "line": 1, "column": 15 },
        "end": { "line": 1, "column": 32 }
      },
      "1": {
        "start": { "line": 3, "column": 24 },
        "end": { "line": 6, "column": 1 }
      },
      "2": {
        "start": { "line": 4, "column": 28 },
        "end": { "line": 4, "column": 59 }
      },
      "3": {
        "start": { "line": 5, "column": 2 },
        "end": { "line": 5, "column": 27 }
      },
      "4": {
        "start": { "line": 7, "column": 0 },
        "end": { "line": 7, "column": 33 }
      }
    },
    "fnMap": {
      "0": {
        "name": "(anonymous_0)",
        "decl": {
          "start": { "line": 3, "column": 24 },
          "end": { "line": 3, "column": 25 }
        },
        "loc": {
          "start": { "line": 3, "column": 44 },
          "end": { "line": 6, "column": 1 }
        },
        "line": 3
      }
    },
    "branchMap": {},
    "s": { "0": 0, "1": 0, "2": 0, "3": 0, "4": 0 },
    "f": { "0": 0 },
    "b": {}
  }
}
