TN:
SF:src/database/models/User.js
FNF:0
FNH:0
DA:1,1
DA:3,1
DA:29,1
DA:31,1
LF:4
LH:4
BRF:0
BRH:0
end_of_record
TN:
SF:src/server/index.js
FNF:0
FNH:0
DA:1,0
DA:2,0
DA:3,0
DA:4,0
DA:5,0
DA:7,0
DA:8,0
DA:9,0
DA:11,0
DA:13,0
DA:14,0
DA:15,0
LF:12
LH:0
BRF:0
BRH:0
end_of_record
TN:
SF:src/server/controllers/userControllers.js
FN:6,(anonymous_0)
FNF:1
FNH:1
FNDA:3,(anonymous_0)
DA:1,1
DA:2,1
DA:3,1
DA:4,1
DA:6,1
DA:7,3
DA:8,3
DA:10,3
DA:11,2
DA:12,2
DA:13,2
DA:15,1
DA:19,1
DA:20,1
DA:21,0
DA:22,0
DA:23,0
DA:25,1
DA:27,1
DA:32,1
LF:20
LH:17
BRDA:10,0,0,2
BRDA:10,0,1,1
BRDA:20,1,0,0
BRDA:20,1,1,1
BRF:4
BRH:3
end_of_record
TN:
SF:src/server/middlewares/errors.js
FN:1,(anonymous_0)
FN:7,(anonymous_1)
FNF:2
FNH:2
FNDA:1,(anonymous_0)
FNDA:1,(anonymous_1)
DA:1,1
DA:2,1
DA:3,1
DA:7,1
DA:8,1
DA:9,1
DA:10,1
DA:11,1
DA:14,1
LF:9
LH:9
BRDA:8,0,0,1
BRDA:8,0,1,1
BRDA:9,1,0,0
BRDA:9,1,1,1
BRF:4
BRH:3
end_of_record
TN:
SF:src/server/middlewares/verifyToken.js
FN:4,(anonymous_0)
FNF:1
FNH:1
FNDA:1,(anonymous_0)
DA:1,1
DA:2,1
DA:4,1
DA:5,1
DA:6,1
DA:7,1
DA:9,1
DA:10,1
DA:11,1
DA:16,1
DA:18,1
DA:20,0
DA:21,0
DA:22,0
DA:26,0
DA:27,0
DA:28,0
DA:32,1
LF:18
LH:12
BRDA:6,0,0,1
BRDA:6,0,1,0
BRDA:9,1,0,1
BRDA:9,1,1,0
BRF:4
BRH:2
end_of_record
TN:
SF:src/server/routers/accessRouter.js
FNF:0
FNH:0
DA:1,0
DA:2,0
DA:3,0
DA:5,0
DA:7,0
DA:9,0
LF:6
LH:0
BRF:0
BRH:0
end_of_record
TN:
SF:src/server/utils/encryptPassword.js
FN:3,(anonymous_0)
FNF:1
FNH:0
FNDA:0,(anonymous_0)
DA:1,0
DA:3,0
DA:4,0
DA:5,0
DA:7,0
LF:5
LH:0
BRF:0
BRH:0
end_of_record
